<?xml version="1.0" encoding="UTF-8"?>
<testng-results ignored="0" total="1" passed="1" failed="0" skipped="0">
  <reporter-output>
  </reporter-output>
  <suite started-at="2023-01-11T01:11:50Z" name="uTest" finished-at="2023-01-11T01:12:05Z" duration-ms="15376">
    <groups>
    </groups>
    <test started-at="2023-01-11T01:11:50Z" name="Run on Chrome" finished-at="2023-01-11T01:12:05Z" duration-ms="15376">
      <class name="com.utest.loginpage_utest">
        <test-method is-config="true" signature="beforeClass(java.lang.String)[pri:0, instance:com.utest.loginpage_utest@557286ad]" started-at="2023-01-11T01:11:50Z" name="beforeClass" finished-at="2023-01-11T01:11:58Z" duration-ms="8155" status="PASS">
          <params>
            <param index="0">
              <value>
                <![CDATA[chrome_ui]]>
              </value>
            </param>
          </params>
          <reporter-output>
          </reporter-output>
        </test-method> <!-- beforeClass -->
        <test-method signature="TC_01_Check_Enter_LogInPage()[pri:0, instance:com.utest.loginpage_utest@557286ad]" started-at="2023-01-11T01:11:58Z" name="TC_01_Check_Enter_LogInPage" finished-at="2023-01-11T01:12:05Z" duration-ms="7121" status="PASS">
          <reporter-output>
          </reporter-output>
        </test-method> <!-- TC_01_Check_Enter_LogInPage -->
      </class> <!-- com.utest.loginpage_utest -->
    </test> <!-- Run on Chrome -->
  </suite> <!-- uTest -->
</testng-results>
